生成启动时间为 2016/4/20 23:18:23。
     1>项目“E:\Programmer\stock\TDX_Plugins\PickInfo\trunk\src\PickInfo\PickInfo\PickInfo.vcxproj”在节点 2 上(build 个目标)。
     1>InitializeBuildStatus:
         正在创建“Debug\PickInfo.unsuccessfulbuild”，因为已指定“AlwaysCreate”。
       ClCompile:
         C:\Program Files (x86)\Microsoft Visual Studio 10.0\VC\bin\CL.exe /c /I./inc /ZI /nologo /W3 /WX- /Od /Oy- /D WIN32 /D _DEBUG /D _WINDOWS /D _USRDLL /D PICKINFO_EXPORTS /D PLUGIN_EXPORTS /D _WINDLL /D _UNICODE /D UNICODE /Gm /EHsc /RTC1 /MDd /GS /fp:precise /Zc:wchar_t /Zc:forScope /Fo"Debug\\" /Fd"Debug\vc100.pdb" /Gd /TP /analyze- /errorReport:prompt src\PickInfo.cpp
         PickInfo.cpp
     1>e:\programmer\stock\tdx_plugins\pickinfo\trunk\src\pickinfo\pickinfo\src\pickinfo.cpp(36): warning C4996: 'strcpy': This function or variable may be unsafe. Consider using strcpy_s instead. To disable deprecation, use _CRT_SECURE_NO_WARNINGS. See online help for details.
                 c:\program files (x86)\microsoft visual studio 10.0\vc\include\string.h(105) : 参见“strcpy”的声明
     1>e:\programmer\stock\tdx_plugins\pickinfo\trunk\src\pickinfo\pickinfo\src\pickinfo.cpp(37): warning C4996: 'strcpy': This function or variable may be unsafe. Consider using strcpy_s instead. To disable deprecation, use _CRT_SECURE_NO_WARNINGS. See online help for details.
                 c:\program files (x86)\microsoft visual studio 10.0\vc\include\string.h(105) : 参见“strcpy”的声明
     1>e:\programmer\stock\tdx_plugins\pickinfo\trunk\src\pickinfo\pickinfo\src\pickinfo.cpp(38): warning C4996: 'strcpy': This function or variable may be unsafe. Consider using strcpy_s instead. To disable deprecation, use _CRT_SECURE_NO_WARNINGS. See online help for details.
                 c:\program files (x86)\microsoft visual studio 10.0\vc\include\string.h(105) : 参见“strcpy”的声明
     1>e:\programmer\stock\tdx_plugins\pickinfo\trunk\src\pickinfo\pickinfo\src\pickinfo.cpp(39): warning C4996: 'strcpy': This function or variable may be unsafe. Consider using strcpy_s instead. To disable deprecation, use _CRT_SECURE_NO_WARNINGS. See online help for details.
                 c:\program files (x86)\microsoft visual studio 10.0\vc\include\string.h(105) : 参见“strcpy”的声明
     1>e:\programmer\stock\tdx_plugins\pickinfo\trunk\src\pickinfo\pickinfo\src\pickinfo.cpp(40): warning C4996: 'strcpy': This function or variable may be unsafe. Consider using strcpy_s instead. To disable deprecation, use _CRT_SECURE_NO_WARNINGS. See online help for details.
                 c:\program files (x86)\microsoft visual studio 10.0\vc\include\string.h(105) : 参见“strcpy”的声明
     1>e:\programmer\stock\tdx_plugins\pickinfo\trunk\src\pickinfo\pickinfo\src\pickinfo.cpp(41): warning C4996: 'strcpy': This function or variable may be unsafe. Consider using strcpy_s instead. To disable deprecation, use _CRT_SECURE_NO_WARNINGS. See online help for details.
                 c:\program files (x86)\microsoft visual studio 10.0\vc\include\string.h(105) : 参见“strcpy”的声明
     1>e:\programmer\stock\tdx_plugins\pickinfo\trunk\src\pickinfo\pickinfo\src\pickinfo.cpp(59): warning C4305: “初始化”: 从“double”到“const float”截断
     1>e:\programmer\stock\tdx_plugins\pickinfo\trunk\src\pickinfo\pickinfo\src\pickinfo.cpp(141): warning C4244: “=”: 从“long”转换到“unsigned short”，可能丢失数据
     1>e:\programmer\stock\tdx_plugins\pickinfo\trunk\src\pickinfo\pickinfo\src\pickinfo.cpp(143): warning C4244: “=”: 从“long”转换到“unsigned char”，可能丢失数据
     1>e:\programmer\stock\tdx_plugins\pickinfo\trunk\src\pickinfo\pickinfo\src\pickinfo.cpp(145): warning C4244: “=”: 从“long”转换到“unsigned char”，可能丢失数据
     1>e:\programmer\stock\tdx_plugins\pickinfo\trunk\src\pickinfo\pickinfo\src\pickinfo.cpp(186): warning C4996: 'sprintf': This function or variable may be unsafe. Consider using sprintf_s instead. To disable deprecation, use _CRT_SECURE_NO_WARNINGS. See online help for details.
                 c:\program files (x86)\microsoft visual studio 10.0\vc\include\stdio.h(371) : 参见“sprintf”的声明
       ManifestResourceCompile:
         所有输出均为最新。
       Link:
         C:\Program Files (x86)\Microsoft Visual Studio 10.0\VC\bin\link.exe /ERRORREPORT:PROMPT /OUT:"E:\Programmer\stock\TDX_Plugins\PickInfo\trunk\src\PickInfo\..\..\bin\Debug\PickInfo.dll" /INCREMENTAL /NOLOGO kernel32.lib user32.lib gdi32.lib winspool.lib comdlg32.lib advapi32.lib shell32.lib ole32.lib oleaut32.lib uuid.lib odbc32.lib odbccp32.lib /MANIFEST /ManifestFile:"Debug\PickInfo.dll.intermediate.manifest" /MANIFESTUAC:"level='asInvoker' uiAccess='false'" /DEBUG /PDB:"E:\Programmer\stock\TDX_Plugins\PickInfo\trunk\bin\Debug\PickInfo.pdb" /SUBSYSTEM:WINDOWS /TLBID:1 /DYNAMICBASE /NXCOMPAT /IMPLIB:"E:\Programmer\stock\TDX_Plugins\PickInfo\trunk\src\PickInfo\..\..\bin\Debug\PickInfo.lib" /MACHINE:X86 /DLL Debug\PickInfo.dll.embed.manifest.res
         Debug\StdAfx.obj
         Debug\PickInfo.obj
       Manifest:
         C:\Program Files (x86)\Microsoft SDKs\Windows\v7.0A\bin\mt.exe /nologo /verbose /out:"Debug\PickInfo.dll.embed.manifest" /manifest Debug\PickInfo.dll.intermediate.manifest
         所有输出均为最新。
       LinkEmbedManifest:
         所有输出均为最新。
         PickInfo.vcxproj -> E:\Programmer\stock\TDX_Plugins\PickInfo\trunk\src\PickInfo\..\..\bin\Debug\PickInfo.dll
       FinalizeBuildStatus:
         正在删除文件“Debug\PickInfo.unsuccessfulbuild”。
         正在对“Debug\PickInfo.lastbuildstate”执行 Touch 任务。
     1>已完成生成项目“E:\Programmer\stock\TDX_Plugins\PickInfo\trunk\src\PickInfo\PickInfo\PickInfo.vcxproj”(build 个目标)的操作。

生成成功。

已用时间 00:00:00.67
